<?xml version="1.0" encoding="UTF-8"?>
<testsuite name="org.apache.olingo.jpa.metadata.core.edm.mapper.impl.TestIntermediateEntityType" time="0.014" tests="25" errors="0" skipped="1" failures="0">
  <properties>
[...]
</properties>
  <testcase name="checkGetIsNotAbstract" classname="org.apache.olingo.jpa.metadata.core.edm.mapper.impl.TestIntermediateEntityType" time="0"/>
  <testcase name="checkGetPropertyByNameNotNull" classname="org.apache.olingo.jpa.metadata.core.edm.mapper.impl.TestIntermediateEntityType" time="0.001"/>
  <testcase name="checkGetPropertyByNameCorrectEntityID" classname="org.apache.olingo.jpa.metadata.core.edm.mapper.impl.TestIntermediateEntityType" time="0"/>
  <testcase name="checkGetAllAttributeIDWithBaseType" classname="org.apache.olingo.jpa.metadata.core.edm.mapper.impl.TestIntermediateEntityType" time="0.002"/>
  <testcase name="checkGetAssoziationOfComplexTypeByNameCorrectEntity" classname="org.apache.olingo.jpa.metadata.core.edm.mapper.impl.TestIntermediateEntityType" time="0.001"/>
  <testcase name="checkGetNaviPropertyByNameCorrectEntity" classname="org.apache.olingo.jpa.metadata.core.edm.mapper.impl.TestIntermediateEntityType" time="0.001"/>
  <testcase name="checkGetKeyProperties" classname="org.apache.olingo.jpa.metadata.core.edm.mapper.impl.TestIntermediateEntityType" time="0"/>
  <testcase name="checkGetInheritedAttributeByNameCorrectEntityID" classname="org.apache.olingo.jpa.metadata.core.edm.mapper.impl.TestIntermediateEntityType" time="0.001"/>
  <testcase name="checkGetKeyWithBaseType" classname="org.apache.olingo.jpa.metadata.core.edm.mapper.impl.TestIntermediateEntityType" time="0.001"/>
  <testcase name="checkGetPathByNameIgnore" classname="org.apache.olingo.jpa.metadata.core.edm.mapper.impl.TestIntermediateEntityType" time="0.001"/>
  <testcase name="checkGetHasBaseType" classname="org.apache.olingo.jpa.metadata.core.edm.mapper.impl.TestIntermediateEntityType" time="0"/>
  <testcase name="checkGetAllProperties" classname="org.apache.olingo.jpa.metadata.core.edm.mapper.impl.TestIntermediateEntityType" time="0"/>
  <testcase name="checkGetAllNaviProperties" classname="org.apache.olingo.jpa.metadata.core.edm.mapper.impl.TestIntermediateEntityType" time="0.001"/>
  <testcase name="checkGetNaviPropertyByNameNotNull" classname="org.apache.olingo.jpa.metadata.core.edm.mapper.impl.TestIntermediateEntityType" time="0"/>
  <testcase name="checkGetPropertyByNameCorrectEntity" classname="org.apache.olingo.jpa.metadata.core.edm.mapper.impl.TestIntermediateEntityType" time="0"/>
  <testcase name="checkGetIsAbstract" classname="org.apache.olingo.jpa.metadata.core.edm.mapper.impl.TestIntermediateEntityType" time="0"/>
  <testcase name="checkGetAllAttributesWithBaseTypeFields" classname="org.apache.olingo.jpa.metadata.core.edm.mapper.impl.TestIntermediateEntityType" time="0.001"/>
  <testcase name="checkGetPathByNameCorrectEntityID" classname="org.apache.olingo.jpa.metadata.core.edm.mapper.impl.TestIntermediateEntityType" time="0.001"/>
  <testcase name="checkEntityTypeCanBeCreated" classname="org.apache.olingo.jpa.metadata.core.edm.mapper.impl.TestIntermediateEntityType" time="0"/>
  <testcase name="checkGetPathByNameIgnoreCompexType" classname="org.apache.olingo.jpa.metadata.core.edm.mapper.impl.TestIntermediateEntityType" time="0"/>
  <testcase name="checkGetAllAttributes" classname="org.apache.olingo.jpa.metadata.core.edm.mapper.impl.TestIntermediateEntityType" time="0"/>
  <testcase name="checkGetPropertiesSkipIgnored" classname="org.apache.olingo.jpa.metadata.core.edm.mapper.impl.TestIntermediateEntityType" time="0.001"/>
  <testcase name="checkGetAllAttributesWithBaseType" classname="org.apache.olingo.jpa.metadata.core.edm.mapper.impl.TestIntermediateEntityType" time="0"/>
  <testcase name="checkGetPropertyWithEnumerationType" classname="org.apache.olingo.jpa.metadata.core.edm.mapper.impl.TestIntermediateEntityType" time="0">
    <skipped/>
  </testcase>
  <testcase name="checkGetAssoziationOfComplexTypeByNameJoinColumns" classname="org.apache.olingo.jpa.metadata.core.edm.mapper.impl.TestIntermediateEntityType" time="0.002"/>
</testsuite>